This is pdfTeX, Version 3.14159265-2.6-1.40.21 (TeX Live 2020) (preloaded format=pdflatex 2020.9.9)  16 SEP 2020 08:29
entering extended mode
 restricted \write18 enabled.
 file:line:error style messages enabled.
 %&-line parsing enabled.
**Memoire.tex
(./Memoire.tex
LaTeX2e <2020-02-02> patch level 5
L3 programming layer <2020-03-06>
(/usr/local/texlive/2020/texmf-dist/tex/latex/memoir/memoir.cls
Document Class: memoir 2020/03/25 v3.7k configurable book, report, article docu
ment class
\onelineskip=\skip47
\lxvchars=\skip48
\xlvchars=\skip49
\@memcnta=\count167
\c@@memmarkcntra=\count168
LaTeX Info: Redefining \InputIfFileExists on input line 140.
(/usr/local/texlive/2020/texmf-dist/tex/generic/iftex/iftex.sty
Package: iftex 2020/03/06 v1.0d TeX engine tests
)
\stockheight=\skip50
\stockwidth=\skip51
\trimtop=\skip52
\trimedge=\skip53

(/usr/local/texlive/2020/texmf-dist/tex/latex/memoir/mem12.clo
File: mem12.clo 2010/10/19 v0.4b memoir class 12pt size option
)
\binding=\skip54
\spinemargin=\skip55
\foremargin=\skip56
\uppermargin=\skip57
\lowermargin=\skip58
\headdrop=\skip59
\normalrulethickness=\skip60
\mem@maxheadheight=\skip61
\mem@maxfootheight=\skip62
\headwidth=\skip63
\c@storedpagenumber=\count169
\memPD=\dimen134
\m@mabparskip=\skip64
\thanksmarkwidth=\skip65
\thanksmarksep=\skip66
\droptitle=\skip67
\c@book=\count170
\c@part=\count171
\c@chapter=\count172
\c@section=\count173
\c@subsection=\count174
\c@subsubsection=\count175
\c@paragraph=\count176
\c@subparagraph=\count177
\beforechapskip=\skip68
\midchapskip=\skip69
\afterchapskip=\skip70
\chapindent=\skip71
\bottomsectionskip=\skip72
\secindent=\skip73
\beforesecskip=\skip74
\aftersecskip=\skip75
\subsecindent=\skip76
\beforesubsecskip=\skip77
\aftersubsecskip=\skip78
\subsubsecindent=\skip79
\beforesubsubsecskip=\skip80
\aftersubsubsecskip=\skip81
\paraindent=\skip82
\beforeparaskip=\skip83
\afterparaskip=\skip84
\subparaindent=\skip85
\beforesubparaskip=\skip86
\aftersubparaskip=\skip87
\pfbreakskip=\skip88
\c@@ppsavesec=\count178
\c@@ppsaveapp=\count179
\ragrparindent=\dimen135
\everylistparindent=\dimen136
\parsepi=\skip89
\topsepi=\skip90
\itemsepi=\skip91
\parsepii=\skip92
\topsepii=\skip93
\topsepiii=\skip94
\itemsepii=\skip95
\itemsepiii=\skip96
\partopsepii=\skip97
\partopsepiii=\skip98
\m@msavetopsep=\skip99
\m@msavepartopsep=\skip100
\@enLab=\toks15
\abstitleskip=\skip101
\absleftindent=\skip102
\abs@leftindent=\dimen137
\absrightindent=\skip103
\absparindent=\skip104
\absparsep=\skip105
\c@vslineno=\count180
\c@poemline=\count181
\c@modulo@vs=\count182
\c@memfvsline=\count183
\vleftskip=\skip106
\vrightskip=\skip107
\stanzaskip=\skip108
\versewidth=\skip109
\vgap=\skip110
\vindent=\skip111
\vleftmargin=\dimen138
\c@verse=\count184
\c@chrsinstr=\count185
\beforepoemtitleskip=\skip112
\afterpoemtitleskip=\skip113
\c@poem=\count186
\beforePoemTitleskip=\skip114
\midPoemTitleskip=\skip115
\afterPoemTitleskip=\skip116

(/usr/local/texlive/2020/texmf-dist/tex/latex/tools/array.sty
Package: array 2019/08/31 v2.4l Tabular extension package (FMi)
\col@sep=\dimen139
\ar@mcellbox=\box45
\extrarowheight=\dimen140
\NC@list=\toks16
\extratabsurround=\skip117
\backup@length=\skip118
\ar@cellbox=\box46
)
(/usr/local/texlive/2020/texmf-dist/tex/latex/tools/dcolumn.sty
Package: dcolumn 2014/10/28 v1.06 decimal alignment package (DPC)
)
(/usr/local/texlive/2020/texmf-dist/tex/latex/tools/delarray.sty
Package: delarray 2014/10/28 v1.01 array delimiter package (DPC)
)
(/usr/local/texlive/2020/texmf-dist/tex/latex/tools/tabularx.sty
Package: tabularx 2020/01/15 v2.11c `tabularx' package (DPC)
\TX@col@width=\dimen141
\TX@old@table=\dimen142
\TX@old@col=\dimen143
\TX@target=\dimen144
\TX@delta=\dimen145
\TX@cols=\count187
\TX@ftn=\toks17
)
\heavyrulewidth=\dimen146
\lightrulewidth=\dimen147
\cmidrulewidth=\dimen148
\belowrulesep=\dimen149
\belowbottomsep=\dimen150
\aboverulesep=\dimen151
\abovetopsep=\dimen152
\cmidrulesep=\dimen153
\cmidrulekern=\dimen154
\defaultaddspace=\dimen155
\@cmidla=\count188
\@cmidlb=\count189
\@aboverulesep=\dimen156
\@belowrulesep=\dimen157
\@thisruleclass=\count190
\@lastruleclass=\count191
\@thisrulewidth=\dimen158
\ctableftskip=\skip119
\ctabrightskip=\skip120
\abovecolumnspenalty=\count192
\@linestogo=\count193
\@cellstogo=\count194
\@cellsincolumn=\count195
\crtok=\toks18
\@mincolumnwidth=\dimen159
\c@newflo@tctr=\count196
\mem@margin@floatbox=\box47
\@contcwidth=\skip121
\@contindw=\skip122
\abovecaptionskip=\skip123
\belowcaptionskip=\skip124
\subfloattopskip=\skip125
\subfloatcapskip=\skip126
\subfloatcaptopadj=\skip127
\subfloatbottomskip=\skip128
\subfloatlabelskip=\skip129
\subfloatcapmargin=\dimen160
\c@@contsubnum=\count197
\m@mscap@capbox=\box48
\m@mscap@fbox=\box49
\sidecapsep=\dimen161
\sidecapwidth=\dimen162
\m@m@tempdima=\dimen163
\m@mscapraise=\dimen164
\sidecapraise=\dimen165
\m@mscapmainwidth=\dimen166
\m@mscaplkern=\dimen167
\beforeepigraphskip=\skip130
\afterepigraphskip=\skip131
\epigraphwidth=\skip132
\epigraphrule=\skip133
LaTeX Info: Redefining \em on input line 7664.
LaTeX Info: Redefining \emph on input line 7672.
\tocentryskip=\skip134
\tocbaseline=\skip135
\cftparskip=\skip136
\cftbeforebookskip=\skip137
\cftbookindent=\dimen168
\cftbooknumwidth=\dimen169
\cftbeforepartskip=\skip138
\cftpartindent=\skip139
\cftpartnumwidth=\skip140
\cftbeforechapterskip=\skip141
\cftchapterindent=\skip142
\cftchapternumwidth=\skip143
\cftbeforesectionskip=\skip144
\cftsectionindent=\skip145
\cftsectionnumwidth=\skip146
\cftbeforesubsectionskip=\skip147
\cftsubsectionindent=\skip148
\cftsubsectionnumwidth=\skip149
\cftbeforesubsubsectionskip=\skip150
\cftsubsubsectionindent=\skip151
\cftsubsubsectionnumwidth=\skip152
\cftbeforeparagraphskip=\skip153
\cftparagraphindent=\skip154
\cftparagraphnumwidth=\skip155
\cftbeforesubparagraphskip=\skip156
\cftsubparagraphindent=\skip157
\cftsubparagraphnumwidth=\skip158
\prechapterprecisshift=\dimen170
\c@maxsecnumdepth=\count198
\bibindent=\dimen171
\bibitemsep=\skip159
\indexcolsep=\skip160
\indexrule=\skip161
\indexmarkstyle=\toks19
\@indexbox=\insert199
\glossarycolsep=\dimen172
\glossaryrule=\dimen173
\sideparvshift=\skip162
\sideins=\insert252
\sidebartopsep=\skip163
\sidebarhsep=\skip164
\sidebarvsep=\skip165
\sidebarwidth=\skip166
\footmarkwidth=\skip167
\footmarksep=\skip168
\footparindent=\skip169
\footinsdim=\skip170
\footinsv@r=\insert251
\@mpfootinsv@r=\insert250
\m@m@k=\count266
\m@m@h=\dimen174
\m@mipn@skip=\skip171
\sidefootins=\insert249
\sidefootadjust=\skip172
\sidefootheight=\skip173
\sidefoothsep=\skip174
\sidefootvsep=\skip175
\sidefootwidth=\skip176
\m@mdownsf=\skip177
\c@sidefootnote=\count267
\sidefootmarkwidth=\skip178
\sidefootmarksep=\skip179
\sidefootparindent=\skip180
\c@pagenote=\count268
\c@pagenoteshadow=\count269
\mem@pn@lastkern=\skip181
\every@verbatim=\toks20
\afterevery@verbatim=\toks21
\verbatim@line=\toks22
\tab@position=\count270
\verbatim@in@stream=\read2
\verbatimindent=\skip182
\verbatim@out=\write3
\bvboxsep=\skip183
\c@memfbvline=\count271
\c@bvlinectr=\count272
\bvnumlength=\skip184
\fb@frw=\dimen175
\fb@frh=\dimen176
\FrameRule=\dimen177
\FrameSep=\dimen178
\c@cp@cntr=\count273
LaTeX Info: Redefining \: on input line 12191.
LaTeX Info: Redefining \! on input line 12193.
\c@ism@mctr=\count274
\c@xsm@mctr=\count275
\c@csm@mctr=\count276
\c@ksm@mctr=\count277
\c@xksm@mctr=\count278
\c@cksm@mctr=\count279
\c@msm@mctr=\count280
\c@xmsm@mctr=\count281
\c@cmsm@mctr=\count282
\c@bsm@mctr=\count283
\c@workm@mctr=\count284
\c@sheetsequence=\count285
\c@lastsheet=\count286
\c@lastpage=\count287

(/usr/local/texlive/2020/texmf-dist/tex/latex/textcase/textcase.sty
Package: textcase 2019/09/14 v1.00 Text only upper/lower case changing (DPC)
)
\c@figure=\count288
\c@lofdepth=\count289
\cftbeforefigureskip=\skip185
\cftfigureindent=\skip186
\cftfigurenumwidth=\skip187
\c@table=\count290
\c@lotdepth=\count291
\cftbeforetableskip=\skip188
\cfttableindent=\skip189
\cfttablenumwidth=\skip190
Package abstract [2008/07/23] emulated by memoir.
Package appendix [2008/07/23] emulated by memoir.
Package booktabs [2016/05/16] emulated by memoir.
Package ccaption [2008/07/23] emulated by memoir.
Package changepage [2008/07/23] emulated by memoir.
Package chngcntr [2008/07/23] emulated by memoir.
Package chngpage [2008/07/23] emulated by memoir.
Package crop emulated by memoir.
Package enumerate [2008/07/23] emulated by memoir.
Package epigraph [2008/07/23] emulated by memoir.
Package ifmtarg [2008/07/23] emulated by memoir.
Package index [2008/07/23] emulated by memoir.
Package makeidx [2008/07/23] emulated by memoir.
Package moreverb [2008/07/23] emulated by memoir.
Package mparhack [2008/07/23] emulated by memoir.
Package needspace [2008/07/23] emulated by memoir.
Package newfile [2008/07/23] emulated by memoir.
Package nextpage [2008/07/23] emulated by memoir.
Package pagenote [2008/07/23] emulated by memoir.
Package parskip [2008/07/23] emulated by memoir.
Package patchcmd [2008/07/23] emulated by memoir.
Package setspace [2008/07/23] emulated by memoir.
Package shortvrb [2008/07/23] emulated by memoir.
Package showidx [2008/07/23] emulated by memoir.
Package titleref [2008/07/23] emulated by memoir.
Package titling [2008/07/23] emulated by memoir.
Package tocbibind [2008/07/23] emulated by memoir.
Package tocloft [2008/07/23] emulated by memoir.
Package tocvsec2 [2008/07/23] emulated by memoir.
Package verbatim [2008/07/23] emulated by memoir.
Package verse [2008/07/23] emulated by memoir.
)
(./packages/packages.tex
(/usr/local/texlive/2020/texmf-dist/tex/latex/graphics/graphics.sty
Package: graphics 2019/11/30 v1.4a Standard LaTeX Graphics (DPC,SPQR)

(/usr/local/texlive/2020/texmf-dist/tex/latex/graphics/trig.sty
Package: trig 2016/01/03 v1.10 sin cos tan (DPC)
)
(/usr/local/texlive/2020/texmf-dist/tex/latex/graphics-cfg/graphics.cfg
File: graphics.cfg 2016/06/04 v1.11 sample graphics configuration
)
Package graphics Info: Driver file: pdftex.def on input line 105.

(/usr/local/texlive/2020/texmf-dist/tex/latex/graphics-def/pdftex.def
File: pdftex.def 2018/01/08 v1.0l Graphics/color driver for pdftex
))
(/usr/local/texlive/2020/texmf-dist/tex/latex/float/float.sty
Package: float 2001/11/08 v1.3d Float enhancements (AL)
\c@float@type=\count292
\float@exts=\toks23
\float@box=\box50
\@float@everytoks=\toks24
\@floatcapt=\box51
)
(/usr/local/texlive/2020/texmf-dist/tex/latex/shorttoc/shorttoc.sty
Package: shorttoc 2002/08/20 v1.3 Short table of contents (JPFD)
)
(/usr/local/texlive/2020/texmf-dist/tex/latex/etoolbox/etoolbox.sty
Package: etoolbox 2019/09/21 v2.5h e-TeX tools for LaTeX (JAW)
\etb@tempcnta=\count293
)
(/usr/local/texlive/2020/texmf-dist/tex/latex/geometry/geometry.sty
Package: geometry 2020/01/02 v5.9 Page Geometry

(/usr/local/texlive/2020/texmf-dist/tex/latex/graphics/keyval.sty
Package: keyval 2014/10/28 v1.15 key=value parser (DPC)
\KV@toks@=\toks25
)
(/usr/local/texlive/2020/texmf-dist/tex/generic/iftex/ifvtex.sty
Package: ifvtex 2019/10/25 v1.7 ifvtex legacy package. Use iftex instead.
)
\Gm@cnth=\count294
\Gm@cntv=\count295
\c@Gm@tempcnt=\count296
\Gm@bindingoffset=\dimen179
\Gm@wd@mp=\dimen180
\Gm@odd@mp=\dimen181
\Gm@even@mp=\dimen182
\Gm@layoutwidth=\dimen183
\Gm@layoutheight=\dimen184
\Gm@layouthoffset=\dimen185
\Gm@layoutvoffset=\dimen186
\Gm@dimlist=\toks26
)
(/usr/local/texlive/2020/texmf-dist/tex/latex/base/inputenc.sty
Package: inputenc 2018/08/11 v1.3c Input encoding file
\inpenc@prehook=\toks27
\inpenc@posthook=\toks28
)
(/usr/local/texlive/2020/texmf-dist/tex/latex/base/fontenc.sty
Package: fontenc 2020/02/11 v2.0o Standard LaTeX package
)
(/usr/local/texlive/2020/texmf-dist/tex/latex/amsmath/amsmath.sty
Package: amsmath 2020/01/20 v2.17e AMS math features
\@mathmargin=\skip191

For additional information on amsmath, use the `?' option.
(/usr/local/texlive/2020/texmf-dist/tex/latex/amsmath/amstext.sty
Package: amstext 2000/06/29 v2.01 AMS text

(/usr/local/texlive/2020/texmf-dist/tex/latex/amsmath/amsgen.sty
File: amsgen.sty 1999/11/30 v2.0 generic functions
\@emptytoks=\toks29
\ex@=\dimen187
))
(/usr/local/texlive/2020/texmf-dist/tex/latex/amsmath/amsbsy.sty
Package: amsbsy 1999/11/29 v1.2d Bold Symbols
\pmbraise@=\dimen188
)
(/usr/local/texlive/2020/texmf-dist/tex/latex/amsmath/amsopn.sty
Package: amsopn 2016/03/08 v2.02 operator names
)
\inf@bad=\count297
LaTeX Info: Redefining \frac on input line 227.
\uproot@=\count298
\leftroot@=\count299
LaTeX Info: Redefining \overline on input line 389.
\classnum@=\count300
\DOTSCASE@=\count301
LaTeX Info: Redefining \ldots on input line 486.
LaTeX Info: Redefining \dots on input line 489.
LaTeX Info: Redefining \cdots on input line 610.
\Mathstrutbox@=\box52
\strutbox@=\box53
\big@size=\dimen189
LaTeX Font Info:    Redeclaring font encoding OML on input line 733.
LaTeX Font Info:    Redeclaring font encoding OMS on input line 734.
\macc@depth=\count302
\c@MaxMatrixCols=\count303
\dotsspace@=\muskip16
\c@parentequation=\count304
\dspbrk@lvl=\count305
\tag@help=\toks30
\row@=\count306
\column@=\count307
\maxfields@=\count308
\andhelp@=\toks31
\eqnshift@=\dimen190
\alignsep@=\dimen191
\tagshift@=\dimen192
\tagwidth@=\dimen193
\totwidth@=\dimen194
\lineht@=\dimen195
\@envbody=\toks32
\multlinegap=\skip192
\multlinetaggap=\skip193
\mathdisplay@stack=\toks33
LaTeX Info: Redefining \[ on input line 2859.
LaTeX Info: Redefining \] on input line 2860.
)
(/usr/local/texlive/2020/texmf-dist/tex/latex/amsfonts/amsfonts.sty
Package: amsfonts 2013/01/14 v3.01 Basic AMSFonts support
\symAMSa=\mathgroup4
\symAMSb=\mathgroup5
LaTeX Font Info:    Redeclaring math symbol \hbar on input line 98.
LaTeX Font Info:    Overwriting math alphabet `\mathfrak' in version `bold'
(Font)                  U/euf/m/n --> U/euf/b/n on input line 106.
)
(/usr/local/texlive/2020/texmf-dist/tex/latex/amsfonts/amssymb.sty
Package: amssymb 2013/01/14 v3.01 AMS font symbols
)
(/usr/local/texlive/2020/texmf-dist/tex/latex/graphics/graphicx.sty
Package: graphicx 2019/11/30 v1.2a Enhanced LaTeX Graphics (DPC,SPQR)
\Gin@req@height=\dimen196
\Gin@req@width=\dimen197
)
(/usr/local/texlive/2020/texmf-dist/tex/generic/babel/babel.sty
Package: babel 2020/03/22 3.42 The Babel package

(/usr/local/texlive/2020/texmf-dist/tex/generic/babel/switch.def
File: switch.def 2020/03/22 3.42 Babel switching mechanism
)
(/usr/local/texlive/2020/texmf-dist/tex/generic/babel-french/french.ldf
Language: french 2020/01/30 v3.5g French support from the babel system

(/usr/local/texlive/2020/texmf-dist/tex/generic/babel/babel.def
File: babel.def 2020/03/22 3.42 Babel common definitions
\babel@savecnt=\count309
\U@D=\dimen198

(/usr/local/texlive/2020/texmf-dist/tex/generic/babel/txtbabel.def)
\bbl@readstream=\read3
\bbl@dirlevel=\count310
)
Package babel Info: \l@acadian = using hyphenrules for french
(babel)             (\language28) on input line 91.
Package babel Info: \l@canadien = using hyphenrules for french
(babel)             (\language28) on input line 92.
\FB@nonchar=\count311
Package babel Info: Making : an active character on input line 419.
Package babel Info: Making ; an active character on input line 420.
Package babel Info: Making ! an active character on input line 421.
Package babel Info: Making ? an active character on input line 422.
\FBguill@level=\count312
\FBold@everypar=\toks34
\FB@Mht=\dimen256
\mc@charclass=\count313
\mc@charfam=\count314
\mc@charslot=\count315
\std@mcc=\count316
\dec@mcc=\count317
\c@FBcaption@count=\count318
\listindentFB=\dimen257
\descindentFB=\dimen258
\labelindentFB=\dimen259
\labelwidthFB=\dimen260
\leftmarginFB=\dimen261
\parindentFFN=\dimen262
\FBfnindent=\dimen263
))
(/usr/local/texlive/2020/texmf-dist/tex/latex/carlisle/scalefnt.sty)
(/usr/local/texlive/2020/texmf-dist/tex/latex/xcolor/xcolor.sty
Package: xcolor 2016/05/11 v2.12 LaTeX color extensions (UK)

(/usr/local/texlive/2020/texmf-dist/tex/latex/graphics-cfg/color.cfg
File: color.cfg 2016/01/02 v1.6 sample color configuration
)
Package xcolor Info: Driver file: pdftex.def on input line 225.

(/usr/local/texlive/2020/texmf-dist/tex/latex/colortbl/colortbl.sty
Package: colortbl 2020/01/04 v1.0e Color table columns (DPC)
\everycr=\toks35
\minrowclearance=\skip194
)
\rownum=\count319
Package xcolor Info: Model `cmy' substituted by `cmy0' on input line 1348.
Package xcolor Info: Model `hsb' substituted by `rgb' on input line 1352.
Package xcolor Info: Model `RGB' extended on input line 1364.
Package xcolor Info: Model `HTML' substituted by `rgb' on input line 1366.
Package xcolor Info: Model `Hsb' substituted by `hsb' on input line 1367.
Package xcolor Info: Model `tHsb' substituted by `hsb' on input line 1368.
Package xcolor Info: Model `HSB' substituted by `hsb' on input line 1369.
Package xcolor Info: Model `Gray' substituted by `gray' on input line 1370.
Package xcolor Info: Model `wave' substituted by `hsb' on input line 1371.
)
(/usr/local/texlive/2020/texmf-dist/tex/latex/enumitem/enumitem.sty
Package: enumitem 2019/06/20 v3.9 Customized lists
\labelindent=\skip195
\enit@outerparindent=\dimen264
\enit@toks=\toks36
\enit@inbox=\box54
\enit@count@id=\count320
\enitdp@description=\count321
)
(/usr/local/texlive/2020/texmf-dist/tex/latex/listings/listings.sty
\lst@mode=\count322
\lst@gtempboxa=\box55
\lst@token=\toks37
\lst@length=\count323
\lst@currlwidth=\dimen265
\lst@column=\count324
\lst@pos=\count325
\lst@lostspace=\dimen266
\lst@width=\dimen267
\lst@newlines=\count326
\lst@lineno=\count327
\lst@maxwidth=\dimen268

(/usr/local/texlive/2020/texmf-dist/tex/latex/listings/lstmisc.sty
File: lstmisc.sty 2020/03/24 1.8d (Carsten Heinz)
\c@lstnumber=\count328
\lst@skipnumbers=\count329
\lst@framebox=\box56
)
(/usr/local/texlive/2020/texmf-dist/tex/latex/listings/listings.cfg
File: listings.cfg 2020/03/24 1.8d listings configuration
))
Package: listings 2020/03/24 1.8d (Carsten Heinz)

(/usr/local/texlive/2020/texmf-dist/tex/latex/psnfss/times.sty
Package: times 2005/04/12 PSNFSS-v9.2a (SPQR) 
)
(/usr/local/texlive/2020/texmf-dist/tex/latex/hyperref/hyperref.sty
Package: hyperref 2020/01/14 v7.00d Hypertext links for LaTeX

(/usr/local/texlive/2020/texmf-dist/tex/generic/ltxcmds/ltxcmds.sty
Package: ltxcmds 2019/12/15 v1.24 LaTeX kernel commands for general use (HO)
)
(/usr/local/texlive/2020/texmf-dist/tex/latex/pdftexcmds/pdftexcmds.sty
Package: pdftexcmds 2019/11/24 v0.31 Utility functions of pdfTeX for LuaTeX (HO
)

(/usr/local/texlive/2020/texmf-dist/tex/generic/infwarerr/infwarerr.sty
Package: infwarerr 2019/12/03 v1.5 Providing info/warning/error messages (HO)
)
Package pdftexcmds Info: \pdf@primitive is available.
Package pdftexcmds Info: \pdf@ifprimitive is available.
Package pdftexcmds Info: \pdfdraftmode found.
)
(/usr/local/texlive/2020/texmf-dist/tex/generic/kvsetkeys/kvsetkeys.sty
Package: kvsetkeys 2019/12/15 v1.18 Key value parser (HO)
)
(/usr/local/texlive/2020/texmf-dist/tex/generic/kvdefinekeys/kvdefinekeys.sty
Package: kvdefinekeys 2019-12-19 v1.6 Define keys (HO)
)
(/usr/local/texlive/2020/texmf-dist/tex/generic/pdfescape/pdfescape.sty
Package: pdfescape 2019/12/09 v1.15 Implements pdfTeX's escape features (HO)
)
(/usr/local/texlive/2020/texmf-dist/tex/latex/hycolor/hycolor.sty
Package: hycolor 2020-01-27 v1.10 Color options for hyperref/bookmark (HO)
)
(/usr/local/texlive/2020/texmf-dist/tex/latex/letltxmacro/letltxmacro.sty
Package: letltxmacro 2019/12/03 v1.6 Let assignment for LaTeX macros (HO)
)
(/usr/local/texlive/2020/texmf-dist/tex/latex/auxhook/auxhook.sty
Package: auxhook 2019-12-17 v1.6 Hooks for auxiliary files (HO)
)
(/usr/local/texlive/2020/texmf-dist/tex/latex/kvoptions/kvoptions.sty
Package: kvoptions 2019/11/29 v3.13 Key value format for package options (HO)
)
\@linkdim=\dimen269
\Hy@linkcounter=\count330
\Hy@pagecounter=\count331

(/usr/local/texlive/2020/texmf-dist/tex/latex/hyperref/pd1enc.def
File: pd1enc.def 2020/01/14 v7.00d Hyperref: PDFDocEncoding definition (HO)
Now handling font encoding PD1 ...
... no UTF-8 mapping file for font encoding PD1
)
(/usr/local/texlive/2020/texmf-dist/tex/generic/intcalc/intcalc.sty
Package: intcalc 2019/12/15 v1.3 Expandable calculations with integers (HO)
)
(/usr/local/texlive/2020/texmf-dist/tex/generic/etexcmds/etexcmds.sty
Package: etexcmds 2019/12/15 v1.7 Avoid name clashes with e-TeX commands (HO)
)
\Hy@SavedSpaceFactor=\count332
Package hyperref Info: Hyper figures OFF on input line 4547.
Package hyperref Info: Link nesting OFF on input line 4552.
Package hyperref Info: Hyper index ON on input line 4555.
Package hyperref Info: Plain pages OFF on input line 4562.
Package hyperref Info: Backreferencing OFF on input line 4567.
Package hyperref Info: Implicit mode ON; LaTeX internals redefined.
Package hyperref Info: Bookmarks ON on input line 4800.
\c@Hy@tempcnt=\count333

(/usr/local/texlive/2020/texmf-dist/tex/latex/url/url.sty
\Urlmuskip=\muskip17
Package: url 2013/09/16  ver 3.4  Verb mode for urls, etc.
)
LaTeX Info: Redefining \url on input line 5159.
\XeTeXLinkMargin=\dimen270

(/usr/local/texlive/2020/texmf-dist/tex/generic/bitset/bitset.sty
Package: bitset 2019/12/09 v1.3 Handle bit-vector datatype (HO)

(/usr/local/texlive/2020/texmf-dist/tex/generic/bigintcalc/bigintcalc.sty
Package: bigintcalc 2019/12/15 v1.5 Expandable calculations on big integers (HO
)
))
\Fld@menulength=\count334
\Field@Width=\dimen271
\Fld@charsize=\dimen272
Package hyperref Info: Hyper figures OFF on input line 6430.
Package hyperref Info: Link nesting OFF on input line 6435.
Package hyperref Info: Hyper index ON on input line 6438.
Package hyperref Info: backreferencing OFF on input line 6445.
Package hyperref Info: Link coloring OFF on input line 6450.
Package hyperref Info: Link coloring with OCG OFF on input line 6455.
Package hyperref Info: PDF/A mode OFF on input line 6460.
LaTeX Info: Redefining \ref on input line 6500.
LaTeX Info: Redefining \pageref on input line 6504.

(/usr/local/texlive/2020/texmf-dist/tex/generic/atbegshi/atbegshi.sty
Package: atbegshi 2019/12/05 v1.19 At begin shipout hook (HO)
)
\Hy@abspage=\count335
\c@Item=\count336
\c@Hfootnote=\count337
)
(/usr/local/texlive/2020/texmf-dist/tex/latex/memoir/memhfixc.sty
Package: memhfixc 2019/10/24 v1.18 nameref/hyperref package fixes for memoir cl
ass
\c@memhycontfloat=\count338
\c@Hpagenote=\count339
)
Package hyperref Info: Driver (autodetected): hpdftex.

(/usr/local/texlive/2020/texmf-dist/tex/latex/hyperref/hpdftex.def
File: hpdftex.def 2020/01/14 v7.00d Hyperref driver for pdfTeX

(/usr/local/texlive/2020/texmf-dist/tex/latex/atveryend/atveryend.sty
Package: atveryend 2019-12-11 v1.11 Hooks at the very end of document (HO)
)
\Fld@listcount=\count340
\c@bookmark@seq@number=\count341

(/usr/local/texlive/2020/texmf-dist/tex/latex/rerunfilecheck/rerunfilecheck.sty
Package: rerunfilecheck 2019/12/05 v1.9 Rerun checks for auxiliary files (HO)

(/usr/local/texlive/2020/texmf-dist/tex/generic/uniquecounter/uniquecounter.sty
Package: uniquecounter 2019/12/15 v1.4 Provide unlimited unique counter (HO)
)
Package uniquecounter Info: New unique counter `rerunfilecheck' on input line 2
86.
)
\Hy@SectionHShift=\skip196
) (/usr/local/texlive/2020/texmf-dist/tex/latex/eso-pic/eso-pic.sty
Package: eso-pic 2018/04/12 v2.0h eso-pic (RN)
)
(/usr/local/texlive/2020/texmf-dist/tex/latex/fancyhdr/fancyhdr.sty
Package: fancyhdr 2019/01/31 v3.10 Extensive control of page headers and footer
s
\f@nch@headwidth=\skip197
\f@nch@O@elh=\skip198
\f@nch@O@erh=\skip256
\f@nch@O@olh=\skip257
\f@nch@O@orh=\skip258
\f@nch@O@elf=\skip259
\f@nch@O@erf=\skip260
\f@nch@O@olf=\skip261
\f@nch@O@orf=\skip262
)
(/usr/local/texlive/2020/texmf-dist/tex/latex/fancybox/fancybox.sty
Package: fancybox 2010/05/15 1.4

Style option: `fancybox' v1.4 <2010/05/15> (tvz)
\@fancybox=\box57
\shadowsize=\dimen273
\@Sbox=\box58
\do@VerbBox=\toks38
\the@fancyput=\toks39
\this@fancyput=\toks40
\EndVerbatimTokens=\toks41
\Verbatim@Outfile=\write4
\Verbatim@Infile=\read4
) (/usr/local/texlive/2020/texmf-dist/tex/latex/tools/layout.sty
Package: layout 2014/10/28 v1.2c Show layout parameters
\oneinch=\count342
\cnt@paperwidth=\count343
\cnt@paperheight=\count344
\cnt@hoffset=\count345
\cnt@voffset=\count346
\cnt@textheight=\count347
\cnt@textwidth=\count348
\cnt@topmargin=\count349
\cnt@oddsidemargin=\count350
\cnt@evensidemargin=\count351
\cnt@headheight=\count352
\cnt@headsep=\count353
\cnt@marginparsep=\count354
\cnt@marginparwidth=\count355
\cnt@marginparpush=\count356
\cnt@footskip=\count357
\fheight=\count358
\ref@top=\count359
\ref@hoffset=\count360
\ref@voffset=\count361
\ref@head=\count362
\ref@body=\count363
\ref@foot=\count364
\ref@margin=\count365
\ref@marginwidth=\count366
\ref@marginpar=\count367
\Interval=\count368
\ExtraYPos=\count369
\PositionX=\count370
\PositionY=\count371
\ArrowLength=\count372
)
(/usr/local/texlive/2020/texmf-dist/tex/latex/pgf/frontendlayer/tikz.sty
(/usr/local/texlive/2020/texmf-dist/tex/latex/pgf/basiclayer/pgf.sty
(/usr/local/texlive/2020/texmf-dist/tex/latex/pgf/utilities/pgfrcs.sty
(/usr/local/texlive/2020/texmf-dist/tex/generic/pgf/utilities/pgfutil-common.te
x
\pgfutil@everybye=\toks42
\pgfutil@tempdima=\dimen274
\pgfutil@tempdimb=\dimen275

(/usr/local/texlive/2020/texmf-dist/tex/generic/pgf/utilities/pgfutil-common-li
sts.tex))
(/usr/local/texlive/2020/texmf-dist/tex/generic/pgf/utilities/pgfutil-latex.def
\pgfutil@abb=\box59
(/usr/local/texlive/2020/texmf-dist/tex/latex/ms/everyshi.sty
Package: everyshi 2001/05/15 v3.00 EveryShipout Package (MS)
))
(/usr/local/texlive/2020/texmf-dist/tex/generic/pgf/utilities/pgfrcs.code.tex
(/usr/local/texlive/2020/texmf-dist/tex/generic/pgf/pgf.revision.tex)
Package: pgfrcs 2020/01/08 v3.1.5b (3.1.5b)
))
Package: pgf 2020/01/08 v3.1.5b (3.1.5b)

(/usr/local/texlive/2020/texmf-dist/tex/latex/pgf/basiclayer/pgfcore.sty
(/usr/local/texlive/2020/texmf-dist/tex/latex/pgf/systemlayer/pgfsys.sty
(/usr/local/texlive/2020/texmf-dist/tex/generic/pgf/systemlayer/pgfsys.code.tex
Package: pgfsys 2020/01/08 v3.1.5b (3.1.5b)
(/usr/local/texlive/2020/texmf-dist/tex/generic/pgf/utilities/pgfkeys.code.tex
\pgfkeys@pathtoks=\toks43
\pgfkeys@temptoks=\toks44

(/usr/local/texlive/2020/texmf-dist/tex/generic/pgf/utilities/pgfkeysfiltered.c
ode.tex
\pgfkeys@tmptoks=\toks45
))
\pgf@x=\dimen276
\pgf@y=\dimen277
\pgf@xa=\dimen278
\pgf@ya=\dimen279
\pgf@xb=\dimen280
\pgf@yb=\dimen281
\pgf@xc=\dimen282
\pgf@yc=\dimen283
\pgf@xd=\dimen284
\pgf@yd=\dimen285
\w@pgf@writea=\write5
\r@pgf@reada=\read5
\c@pgf@counta=\count373
\c@pgf@countb=\count374
\c@pgf@countc=\count375
\c@pgf@countd=\count376
\t@pgf@toka=\toks46
\t@pgf@tokb=\toks47
\t@pgf@tokc=\toks48
\pgf@sys@id@count=\count377

(/usr/local/texlive/2020/texmf-dist/tex/generic/pgf/systemlayer/pgf.cfg
File: pgf.cfg 2020/01/08 v3.1.5b (3.1.5b)
)
Driver file for pgf: pgfsys-pdftex.def

(/usr/local/texlive/2020/texmf-dist/tex/generic/pgf/systemlayer/pgfsys-pdftex.d
ef
File: pgfsys-pdftex.def 2020/01/08 v3.1.5b (3.1.5b)

(/usr/local/texlive/2020/texmf-dist/tex/generic/pgf/systemlayer/pgfsys-common-p
df.def
File: pgfsys-common-pdf.def 2020/01/08 v3.1.5b (3.1.5b)
)))
(/usr/local/texlive/2020/texmf-dist/tex/generic/pgf/systemlayer/pgfsyssoftpath.
code.tex
File: pgfsyssoftpath.code.tex 2020/01/08 v3.1.5b (3.1.5b)
\pgfsyssoftpath@smallbuffer@items=\count378
\pgfsyssoftpath@bigbuffer@items=\count379
)
(/usr/local/texlive/2020/texmf-dist/tex/generic/pgf/systemlayer/pgfsysprotocol.
code.tex
File: pgfsysprotocol.code.tex 2020/01/08 v3.1.5b (3.1.5b)
))
(/usr/local/texlive/2020/texmf-dist/tex/generic/pgf/basiclayer/pgfcore.code.tex
Package: pgfcore 2020/01/08 v3.1.5b (3.1.5b)
(/usr/local/texlive/2020/texmf-dist/tex/generic/pgf/math/pgfmath.code.tex
(/usr/local/texlive/2020/texmf-dist/tex/generic/pgf/math/pgfmathcalc.code.tex
(/usr/local/texlive/2020/texmf-dist/tex/generic/pgf/math/pgfmathutil.code.tex)
(/usr/local/texlive/2020/texmf-dist/tex/generic/pgf/math/pgfmathparser.code.tex
\pgfmath@dimen=\dimen286
\pgfmath@count=\count380
\pgfmath@box=\box60
\pgfmath@toks=\toks49
\pgfmath@stack@operand=\toks50
\pgfmath@stack@operation=\toks51
)
(/usr/local/texlive/2020/texmf-dist/tex/generic/pgf/math/pgfmathfunctions.code.
tex
(/usr/local/texlive/2020/texmf-dist/tex/generic/pgf/math/pgfmathfunctions.basic
.code.tex)
(/usr/local/texlive/2020/texmf-dist/tex/generic/pgf/math/pgfmathfunctions.trigo
nometric.code.tex)
(/usr/local/texlive/2020/texmf-dist/tex/generic/pgf/math/pgfmathfunctions.rando
m.code.tex)
(/usr/local/texlive/2020/texmf-dist/tex/generic/pgf/math/pgfmathfunctions.compa
rison.code.tex)
(/usr/local/texlive/2020/texmf-dist/tex/generic/pgf/math/pgfmathfunctions.base.
code.tex)
(/usr/local/texlive/2020/texmf-dist/tex/generic/pgf/math/pgfmathfunctions.round
.code.tex)
(/usr/local/texlive/2020/texmf-dist/tex/generic/pgf/math/pgfmathfunctions.misc.
code.tex)
(/usr/local/texlive/2020/texmf-dist/tex/generic/pgf/math/pgfmathfunctions.integ
erarithmetics.code.tex)))
(/usr/local/texlive/2020/texmf-dist/tex/generic/pgf/math/pgfmathfloat.code.tex
\c@pgfmathroundto@lastzeros=\count381
)) (/usr/local/texlive/2020/texmf-dist/tex/generic/pgf/math/pgfint.code.tex)
(/usr/local/texlive/2020/texmf-dist/tex/generic/pgf/basiclayer/pgfcorepoints.co
de.tex
File: pgfcorepoints.code.tex 2020/01/08 v3.1.5b (3.1.5b)
\pgf@picminx=\dimen287
\pgf@picmaxx=\dimen288
\pgf@picminy=\dimen289
\pgf@picmaxy=\dimen290
\pgf@pathminx=\dimen291
\pgf@pathmaxx=\dimen292
\pgf@pathminy=\dimen293
\pgf@pathmaxy=\dimen294
\pgf@xx=\dimen295
\pgf@xy=\dimen296
\pgf@yx=\dimen297
\pgf@yy=\dimen298
\pgf@zx=\dimen299
\pgf@zy=\dimen300
)
(/usr/local/texlive/2020/texmf-dist/tex/generic/pgf/basiclayer/pgfcorepathconst
ruct.code.tex
File: pgfcorepathconstruct.code.tex 2020/01/08 v3.1.5b (3.1.5b)
\pgf@path@lastx=\dimen301
\pgf@path@lasty=\dimen302
)
(/usr/local/texlive/2020/texmf-dist/tex/generic/pgf/basiclayer/pgfcorepathusage
.code.tex
File: pgfcorepathusage.code.tex 2020/01/08 v3.1.5b (3.1.5b)
\pgf@shorten@end@additional=\dimen303
\pgf@shorten@start@additional=\dimen304
)
(/usr/local/texlive/2020/texmf-dist/tex/generic/pgf/basiclayer/pgfcorescopes.co
de.tex
File: pgfcorescopes.code.tex 2020/01/08 v3.1.5b (3.1.5b)
\pgfpic=\box61
\pgf@hbox=\box62
\pgf@layerbox@main=\box63
\pgf@picture@serial@count=\count382
)
(/usr/local/texlive/2020/texmf-dist/tex/generic/pgf/basiclayer/pgfcoregraphicst
ate.code.tex
File: pgfcoregraphicstate.code.tex 2020/01/08 v3.1.5b (3.1.5b)
\pgflinewidth=\dimen305
)
(/usr/local/texlive/2020/texmf-dist/tex/generic/pgf/basiclayer/pgfcoretransform
ations.code.tex
File: pgfcoretransformations.code.tex 2020/01/08 v3.1.5b (3.1.5b)
\pgf@pt@x=\dimen306
\pgf@pt@y=\dimen307
\pgf@pt@temp=\dimen308
)
(/usr/local/texlive/2020/texmf-dist/tex/generic/pgf/basiclayer/pgfcorequick.cod
e.tex
File: pgfcorequick.code.tex 2020/01/08 v3.1.5b (3.1.5b)
)
(/usr/local/texlive/2020/texmf-dist/tex/generic/pgf/basiclayer/pgfcoreobjects.c
ode.tex
File: pgfcoreobjects.code.tex 2020/01/08 v3.1.5b (3.1.5b)
)
(/usr/local/texlive/2020/texmf-dist/tex/generic/pgf/basiclayer/pgfcorepathproce
ssing.code.tex
File: pgfcorepathprocessing.code.tex 2020/01/08 v3.1.5b (3.1.5b)
)
(/usr/local/texlive/2020/texmf-dist/tex/generic/pgf/basiclayer/pgfcorearrows.co
de.tex
File: pgfcorearrows.code.tex 2020/01/08 v3.1.5b (3.1.5b)
\pgfarrowsep=\dimen309
)
(/usr/local/texlive/2020/texmf-dist/tex/generic/pgf/basiclayer/pgfcoreshade.cod
e.tex
File: pgfcoreshade.code.tex 2020/01/08 v3.1.5b (3.1.5b)
\pgf@max=\dimen310
\pgf@sys@shading@range@num=\count383
\pgf@shadingcount=\count384
)
(/usr/local/texlive/2020/texmf-dist/tex/generic/pgf/basiclayer/pgfcoreimage.cod
e.tex
File: pgfcoreimage.code.tex 2020/01/08 v3.1.5b (3.1.5b)

(/usr/local/texlive/2020/texmf-dist/tex/generic/pgf/basiclayer/pgfcoreexternal.
code.tex
File: pgfcoreexternal.code.tex 2020/01/08 v3.1.5b (3.1.5b)
\pgfexternal@startupbox=\box64
))
(/usr/local/texlive/2020/texmf-dist/tex/generic/pgf/basiclayer/pgfcorelayers.co
de.tex
File: pgfcorelayers.code.tex 2020/01/08 v3.1.5b (3.1.5b)
)
(/usr/local/texlive/2020/texmf-dist/tex/generic/pgf/basiclayer/pgfcoretranspare
ncy.code.tex
File: pgfcoretransparency.code.tex 2020/01/08 v3.1.5b (3.1.5b)
)
(/usr/local/texlive/2020/texmf-dist/tex/generic/pgf/basiclayer/pgfcorepatterns.
code.tex
File: pgfcorepatterns.code.tex 2020/01/08 v3.1.5b (3.1.5b)
)
(/usr/local/texlive/2020/texmf-dist/tex/generic/pgf/basiclayer/pgfcorerdf.code.
tex
File: pgfcorerdf.code.tex 2020/01/08 v3.1.5b (3.1.5b)
)))
(/usr/local/texlive/2020/texmf-dist/tex/generic/pgf/modules/pgfmoduleshapes.cod
e.tex
File: pgfmoduleshapes.code.tex 2020/01/08 v3.1.5b (3.1.5b)
\pgfnodeparttextbox=\box65
)
(/usr/local/texlive/2020/texmf-dist/tex/generic/pgf/modules/pgfmoduleplot.code.
tex
File: pgfmoduleplot.code.tex 2020/01/08 v3.1.5b (3.1.5b)
)
(/usr/local/texlive/2020/texmf-dist/tex/latex/pgf/compatibility/pgfcomp-version
-0-65.sty
Package: pgfcomp-version-0-65 2020/01/08 v3.1.5b (3.1.5b)
\pgf@nodesepstart=\dimen311
\pgf@nodesepend=\dimen312
)
(/usr/local/texlive/2020/texmf-dist/tex/latex/pgf/compatibility/pgfcomp-version
-1-18.sty
Package: pgfcomp-version-1-18 2020/01/08 v3.1.5b (3.1.5b)
))
(/usr/local/texlive/2020/texmf-dist/tex/latex/pgf/utilities/pgffor.sty
(/usr/local/texlive/2020/texmf-dist/tex/latex/pgf/utilities/pgfkeys.sty
(/usr/local/texlive/2020/texmf-dist/tex/generic/pgf/utilities/pgfkeys.code.tex)
) (/usr/local/texlive/2020/texmf-dist/tex/latex/pgf/math/pgfmath.sty
(/usr/local/texlive/2020/texmf-dist/tex/generic/pgf/math/pgfmath.code.tex))
(/usr/local/texlive/2020/texmf-dist/tex/generic/pgf/utilities/pgffor.code.tex
Package: pgffor 2020/01/08 v3.1.5b (3.1.5b)

(/usr/local/texlive/2020/texmf-dist/tex/generic/pgf/math/pgfmath.code.tex)
\pgffor@iter=\dimen313
\pgffor@skip=\dimen314
\pgffor@stack=\toks52
\pgffor@toks=\toks53
))
(/usr/local/texlive/2020/texmf-dist/tex/generic/pgf/frontendlayer/tikz/tikz.cod
e.tex
Package: tikz 2020/01/08 v3.1.5b (3.1.5b)

(/usr/local/texlive/2020/texmf-dist/tex/generic/pgf/libraries/pgflibraryplothan
dlers.code.tex
File: pgflibraryplothandlers.code.tex 2020/01/08 v3.1.5b (3.1.5b)
\pgf@plot@mark@count=\count385
\pgfplotmarksize=\dimen315
)
\tikz@lastx=\dimen316
\tikz@lasty=\dimen317
\tikz@lastxsaved=\dimen318
\tikz@lastysaved=\dimen319
\tikz@lastmovetox=\dimen320
\tikz@lastmovetoy=\dimen321
\tikzleveldistance=\dimen322
\tikzsiblingdistance=\dimen323
\tikz@figbox=\box66
\tikz@figbox@bg=\box67
\tikz@tempbox=\box68
\tikz@tempbox@bg=\box69
\tikztreelevel=\count386
\tikznumberofchildren=\count387
\tikznumberofcurrentchild=\count388
\tikz@fig@count=\count389

(/usr/local/texlive/2020/texmf-dist/tex/generic/pgf/modules/pgfmodulematrix.cod
e.tex
File: pgfmodulematrix.code.tex 2020/01/08 v3.1.5b (3.1.5b)
\pgfmatrixcurrentrow=\count390
\pgfmatrixcurrentcolumn=\count391
\pgf@matrix@numberofcolumns=\count392
)
\tikz@expandcount=\count393

(/usr/local/texlive/2020/texmf-dist/tex/generic/pgf/frontendlayer/tikz/librarie
s/tikzlibrarytopaths.code.tex
File: tikzlibrarytopaths.code.tex 2020/01/08 v3.1.5b (3.1.5b)
)))
(/usr/local/texlive/2020/texmf-dist/tex/latex/psnfss/pifont.sty
Package: pifont 2005/04/12 PSNFSS-v9.2a Pi font support (SPQR) 
LaTeX Font Info:    Trying to load font information for U+pzd on input line 63.


(/usr/local/texlive/2020/texmf-dist/tex/latex/psnfss/upzd.fd
File: upzd.fd 2001/06/04 font definitions for U/pzd.
)
LaTeX Font Info:    Trying to load font information for U+psy on input line 64.


(/usr/local/texlive/2020/texmf-dist/tex/latex/psnfss/upsy.fd
File: upsy.fd 2001/06/04 font definitions for U/psy.
))
(/usr/local/texlive/2020/texmf-dist/tex/latex/titlesec/titlesec.sty
Package: titlesec 2019/10/16 v2.13 Sectioning titles
\ttl@box=\box70
\beforetitleunit=\skip263
\aftertitleunit=\skip264
\ttl@plus=\dimen324
\ttl@minus=\dimen325
\ttl@toksa=\toks54
\titlewidth=\dimen326
\titlewidthlast=\dimen327
\titlewidthfirst=\dimen328
)
(/usr/local/texlive/2020/texmf-dist/tex/latex/graphics/rotating.sty
Package: rotating 2016/08/11 v2.16d rotated objects in LaTeX

(/usr/local/texlive/2020/texmf-dist/tex/latex/base/ifthen.sty
Package: ifthen 2014/09/29 v1.1c Standard LaTeX ifthen package (DPC)
)
\c@r@tfl@t=\count394
\rotFPtop=\skip265
\rotFPbot=\skip266
\rot@float@box=\box71
\rot@mess@toks=\toks55
)
(/usr/local/texlive/2020/texmf-dist/tex/latex/fncychap/fncychap.sty
Package: fncychap 2007/07/30 v1.34 LaTeX package (Revised chapters)
\RW=\skip267
\mylen=\skip268
\myhi=\skip269
\px=\skip270
\py=\skip271
\pyy=\skip272
\pxx=\skip273
\backskip=\skip274
)
(/usr/local/texlive/2020/texmf-dist/tex/latex/type1cm/type1cm.sty
Package: type1cm 2002/09/05 v0.04 BlueSky/Y&Y Type1 CM font definitions (DPC, p
atched RF)
)
(/usr/local/texlive/2020/texmf-dist/tex/latex/lettrine/lettrine.sty
File: lettrine.sty 2020-03-14 v2.23 (Daniel Flipo)

(/usr/local/texlive/2020/texmf-dist/tex/generic/minifp/minifp.sty
Package: minifp 2013/12/30 v0.96. Macros for real number operations and a stack
-based programing language.
\MFP@loopctr=\count395
)
\c@DefaultLines=\count396
\c@DefaultDepth=\count397
\DefaultFindent=\dimen329
\DefaultNindent=\dimen330
\DefaultSlope=\dimen331
\DiscardVskip=\dimen332
\L@lbox=\box72
\L@tbox=\box73
\c@L@lines=\count398
\c@L@depth=\count399
\L@Pindent=\dimen333
\L@Findent=\dimen334
\L@Nindent=\dimen335
\L@lraise=\dimen336
\L@first=\dimen337
\L@next=\dimen338
\L@slope=\dimen339
\L@height=\dimen340
\L@novskip=\dimen341
\L@target@ht=\dimen342
\L@target@dp=\dimen343
\L@target@tht=\dimen344
\LettrineWidth=\dimen345
\LettrineHeight=\dimen346
\LettrineDepth=\dimen347
\Llist@everypar=\toks56

Loading lettrine.cfg
(/usr/local/texlive/2020/texmf-dist/tex/latex/lettrine/lettrine.cfg))
(/usr/local/texlive/2020/texmf-dist/tex/latex/tools/longtable.sty
Package: longtable 2020/01/07 v4.13 Multi-page Table package (DPC)
\LTleft=\skip275
\LTright=\skip276
\LTpre=\skip277
\LTpost=\skip278
\LTchunksize=\count400
\LTcapwidth=\dimen348
\LT@head=\box74
\LT@firsthead=\box75
\LT@foot=\box76
\LT@lastfoot=\box77
\LT@cols=\count401
\LT@rows=\count402
\c@LT@tables=\count403
\c@LT@chunks=\count404
\LT@p@ftn=\toks57
)
(/usr/local/texlive/2020/texmf-dist/tex/latex/blindtext/blindtext.sty
Package: blindtext 2012/01/06 V2.0 blindtext-Package

(/usr/local/texlive/2020/texmf-dist/tex/latex/tools/xspace.sty
Package: xspace 2014/10/28 v1.13 Space after command names (DPC,MH)
)
\c@blindtext=\count405
\c@Blindtext=\count406
\c@blind@countparstart=\count407
\blind@countxx=\count408
\blindtext@numBlindtext=\count409
\blind@countyy=\count410
\c@blindlist=\count411
\c@blindlistlevel=\count412
\c@blindlist@level=\count413
\blind@listitem=\count414
\c@blind@listcount=\count415
\c@blind@levelcount=\count416
\blind@mathformula=\count417
\blind@Mathformula=\count418
\c@blind@randomcount=\count419
\c@blind@randommax=\count420
\c@blind@pangramcount=\count421
\c@blind@pangrammax=\count422
)
(/usr/local/texlive/2020/texmf-dist/tex/generic/pgf/frontendlayer/tikz/librarie
s/tikzlibrarycalc.code.tex
File: tikzlibrarycalc.code.tex 2020/01/08 v3.1.5b (3.1.5b)
)
(/usr/local/texlive/2020/texmf-dist/tex/generic/pgf/frontendlayer/tikz/librarie
s/tikzlibrarydecorations.pathmorphing.code.tex
(/usr/local/texlive/2020/texmf-dist/tex/generic/pgf/frontendlayer/tikz/librarie
s/tikzlibrarydecorations.code.tex
(/usr/local/texlive/2020/texmf-dist/tex/generic/pgf/modules/pgfmoduledecoration
s.code.tex
\pgfdecoratedcompleteddistance=\dimen349
\pgfdecoratedremainingdistance=\dimen350
\pgfdecoratedinputsegmentcompleteddistance=\dimen351
\pgfdecoratedinputsegmentremainingdistance=\dimen352
\pgf@decorate@distancetomove=\dimen353
\pgf@decorate@repeatstate=\count423
\pgfdecorationsegmentamplitude=\dimen354
\pgfdecorationsegmentlength=\dimen355
)
\tikz@lib@dec@box=\box78
)
(/usr/local/texlive/2020/texmf-dist/tex/generic/pgf/libraries/decorations/pgfli
brarydecorations.pathmorphing.code.tex))
(/usr/local/texlive/2020/texmf-dist/tex/latex/multirow/multirow.sty
Package: multirow 2019/05/31 v2.5 Span multiple rows of a table
\multirow@colwidth=\skip279
\multirow@cntb=\count424
\multirow@dima=\skip280
\bigstrutjot=\dimen356
)
(/usr/local/texlive/2020/texmf-dist/tex/latex/makecell/makecell.sty
Package: makecell 2009/08/03 V0.1e Managing of Tab Column Heads and Cells
\rotheadsize=\dimen357
\c@nlinenum=\count425
\TeXr@lab=\toks58
)
(/usr/local/texlive/2020/texmf-dist/tex/latex/wrapfig/wrapfig.sty
\wrapoverhang=\dimen358
\WF@size=\dimen359
\c@WF@wrappedlines=\count426
\WF@box=\box79
\WF@everypar=\toks59
Package: wrapfig 2003/01/31  v 3.6
)
(/usr/local/texlive/2020/texmf-dist/tex/latex/sidecap/sidecap.sty
Package: sidecap 2003/06/06 v1.6f SideCap Package (RN/HjG)
\SC@BOXWD=\dimen360
\SC@CAPWD=\dimen361
\SC@tempdima=\dimen362
\SC@tempdimb=\dimen363
\c@SC@C=\count427
\SC@BOX=\box80
)
(/usr/local/texlive/2020/texmf-dist/tex/latex/soul/soul.sty
Package: soul 2003/11/17 v2.4 letterspacing/underlining (mf)
\SOUL@word=\toks60
\SOUL@lasttoken=\toks61
\SOUL@cmds=\toks62
\SOUL@buffer=\toks63
\SOUL@token=\toks64
\SOUL@spaceskip=\skip281
\SOUL@ttwidth=\dimen364
\SOUL@uldp=\dimen365
\SOUL@ulht=\dimen366
))
(/usr/local/texlive/2020/texmf-dist/tex/latex/l3backend/l3backend-pdfmode.def
File: l3backend-pdfmode.def 2020-03-12 L3 backend support: PDF mode
\l__kernel_color_stack_int=\count428
\l__pdf_internal_box=\box81
)
(./Memoire.aux (./rapport/dedicace.aux) (./rapport/remerciements.aux)
(./rapport/sommaire.aux) (./rapport/resume.aux) (./rapport/abstract.aux)
(./rapport/glossaire.aux) (./rapport/liste-tableau-figure.aux)
(./rapport/introduction.aux) (./chapitres/chapitre1.aux)
(./chapitres/chapitre2.aux

LaTeX Warning: Label `Caract√©ristiques de la solution voulue' multiply defined
.


LaTeX Warning: Label `fig:mvc' multiply defined.

) (./chapitres/chapitre3.aux

LaTeX Warning: Label `fig:sp0' multiply defined.


LaTeX Warning: Label `fig:sp0' multiply defined.


LaTeX Warning: Label `fig:sp0' multiply defined.


LaTeX Warning: Label `fig:sp0' multiply defined.


LaTeX Warning: Label `fig:sp0' multiply defined.


LaTeX Warning: Label `fig:sp0' multiply defined.


LaTeX Warning: Label `fig:sp0' multiply defined.


LaTeX Warning: Label `fig:sp0' multiply defined.


LaTeX Warning: Label `fig:sp0' multiply defined.


LaTeX Warning: Label `fig:sp0' multiply defined.

) (./chapitres/chapitre4.aux

LaTeX Warning: Label `fig:sp0' multiply defined.


LaTeX Warning: Label `fig:sp0' multiply defined.


LaTeX Warning: Label `fig:sp0' multiply defined.


LaTeX Warning: Label `fig:sp0' multiply defined.


LaTeX Warning: Label `fig:sp0' multiply defined.


LaTeX Warning: Label `fig:sp0' multiply defined.


LaTeX Warning: Label `fig:sp0' multiply defined.


LaTeX Warning: Label `fig:sp0' multiply defined.


LaTeX Warning: Label `fig:sp0' multiply defined.


LaTeX Warning: Label `fig:sp0' multiply defined.


LaTeX Warning: Label `fig:sp0' multiply defined.


LaTeX Warning: Label `fig:sp0' multiply defined.


LaTeX Warning: Label `fig:sp0' multiply defined.


LaTeX Warning: Label `fig:sp0' multiply defined.


LaTeX Warning: Label `fig:sp0' multiply defined.


LaTeX Warning: Label `fig:sp0' multiply defined.

) (./rapport/conclusion.aux) (./rapport/bibliographie.aux)
(./rapport/table-matiere.aux))
\openout1 = `Memoire.aux'.

LaTeX Font Info:    Checking defaults for OML/cmm/m/it on input line 39.
LaTeX Font Info:    ... okay on input line 39.
LaTeX Font Info:    Checking defaults for OMS/cmsy/m/n on input line 39.
LaTeX Font Info:    ... okay on input line 39.
LaTeX Font Info:    Checking defaults for OT1/cmr/m/n on input line 39.
LaTeX Font Info:    ... okay on input line 39.
LaTeX Font Info:    Checking defaults for T1/cmr/m/n on input line 39.
LaTeX Font Info:    ... okay on input line 39.
LaTeX Font Info:    Checking defaults for TS1/cmr/m/n on input line 39.
LaTeX Font Info:    ... okay on input line 39.
LaTeX Font Info:    Checking defaults for OMX/cmex/m/n on input line 39.
LaTeX Font Info:    ... okay on input line 39.
LaTeX Font Info:    Checking defaults for U/cmr/m/n on input line 39.
LaTeX Font Info:    ... okay on input line 39.
LaTeX Font Info:    Checking defaults for PD1/pdf/m/n on input line 39.
LaTeX Font Info:    ... okay on input line 39.
LaTeX Font Info:    Trying to load font information for T1+ptm on input line 39
.

(/usr/local/texlive/2020/texmf-dist/tex/latex/psnfss/t1ptm.fd
File: t1ptm.fd 2001/06/04 font definitions for T1/ptm.
)
(/usr/local/texlive/2020/texmf-dist/tex/context/base/mkii/supp-pdf.mkii
[Loading MPS to PDF converter (version 2006.09.02).]
\scratchcounter=\count429
\scratchdimen=\dimen367
\scratchbox=\box82
\nofMPsegments=\count430
\nofMParguments=\count431
\everyMPshowfont=\toks65
\MPscratchCnt=\count432
\MPscratchDim=\dimen368
\MPnumerator=\count433
\makeMPintoPDFobject=\count434
\everyMPtoPDFconversion=\toks66
) (/usr/local/texlive/2020/texmf-dist/tex/latex/epstopdf-pkg/epstopdf-base.sty
Package: epstopdf-base 2020-01-24 v2.11 Base part for package epstopdf
Package epstopdf-base Info: Redefining graphics rule for `.eps' on input line 4
85.

(/usr/local/texlive/2020/texmf-dist/tex/latex/latexconfig/epstopdf-sys.cfg
File: epstopdf-sys.cfg 2010/07/13 v1.3 Configuration of (r)epstopdf for TeX Liv
e
))
*geometry* driver: auto-detecting
*geometry* detected driver: pdftex
*geometry* verbose mode - [ preamble ] result:
* driver: pdftex
* paper: a4paper
* layout: <same size as paper>
* layoutoffset:(h,v)=(0.0pt,0.0pt)
* modes: 
* h-part:(L,W,R)=(71.13188pt, 455.24411pt, 71.13188pt)
* v-part:(T,H,B)=(71.13188pt, 702.78308pt, 71.13188pt)
* \paperwidth=597.50787pt
* \paperheight=845.04684pt
* \textwidth=455.24411pt
* \textheight=702.78308pt
* \oddsidemargin=-1.1381pt
* \evensidemargin=-1.1381pt
* \topmargin=-35.5119pt
* \headheight=14.5pt
* \headsep=19.8738pt
* \topskip=12.0pt
* \footskip=30.0pt
* \marginparwidth=42.0pt
* \marginparsep=7.0pt
* \columnsep=10.0pt
* \skip\footins=12.0pt plus 4.0pt minus 4.0pt
* \hoffset=0.0pt
* \voffset=0.0pt
* \mag=1000
* \@twocolumnfalse
* \@twosidefalse
* \@mparswitchfalse
* \@reversemarginfalse
* (1in=72.27pt=25.4mm, 1cm=28.453pt)

LaTeX Info: Redefining \degres on input line 39.
LaTeX Info: Redefining \dots on input line 39.
LaTeX Info: Redefining \up on input line 39.
\c@lstlisting=\count435
\AtBeginShipoutBox=\box83
Package hyperref Info: Link coloring OFF on input line 39.
(/usr/local/texlive/2020/texmf-dist/tex/latex/hyperref/nameref.sty
Package: nameref 2019/09/16 v2.46 Cross-referencing by name of section

(/usr/local/texlive/2020/texmf-dist/tex/latex/refcount/refcount.sty
Package: refcount 2019/12/15 v3.6 Data extraction from label references (HO)
)
(/usr/local/texlive/2020/texmf-dist/tex/generic/gettitlestring/gettitlestring.s
ty
Package: gettitlestring 2019/12/15 v1.6 Cleanup title references (HO)
)
\c@section@level=\count436
)
Redoing nameref's sectioning
Redoing nameref's label
LaTeX Info: Redefining \nameref on input line 39.
LaTeX Info: Redefining \ref on input line 39.
LaTeX Info: Redefining \pageref on input line 39.
LaTeX Info: Redefining \nameref on input line 39.
(./Memoire.out) (./Memoire.out)
\@outlinefile=\write6
\openout6 = `Memoire.out'.

 ABD: EveryShipout initializing macros
(/usr/local/texlive/2020/texmf-dist/tex/latex/ragged2e/ragged2e.sty
Package: ragged2e 2019/07/28 v2.2 ragged2e Package (MS)

(/usr/local/texlive/2020/texmf-dist/tex/latex/ms/everysel.sty
Package: everysel 2011/10/28 v1.2 EverySelectfont Package (MS)

ABD: EverySelectfont initializing macros
LaTeX Info: Redefining \selectfont on input line 126.
)
\CenteringLeftskip=\skip282
\RaggedLeftLeftskip=\skip283
\RaggedRightLeftskip=\skip284
\CenteringRightskip=\skip285
\RaggedLeftRightskip=\skip286
\RaggedRightRightskip=\skip287
\CenteringParfillskip=\skip288
\RaggedLeftParfillskip=\skip289
\RaggedRightParfillskip=\skip290
\JustifyingParfillskip=\skip291
\CenteringParindent=\skip292
\RaggedLeftParindent=\skip293
\RaggedRightParindent=\skip294
\JustifyingParindent=\skip295
)
\openout2 = `rapport/dedicace.aux'.

 (./rapport/dedicace.tex

Class memoir Warning: The \rm font command is deprecated. 
(memoir)              Use \textrm{...} or {\rmfamily... } instead on input line
 1.

) [1{/usr/local/texlive/2020/texmf-var/fonts/map/pdftex/updmap/pdftex.map}





]
\openout2 = `rapport/remerciements.aux'.


(./rapport/remerciements.tex
LaTeX Font Info:    Trying to load font information for TS1+ptm on input line 9
.

(/usr/local/texlive/2020/texmf-dist/tex/latex/psnfss/ts1ptm.fd
File: ts1ptm.fd 2001/06/04 font definitions for TS1/ptm.
)) [2



]
\openout2 = `rapport/sommaire.aux'.


(./rapport/sommaire.tex (./Memoire.toc [3



])) [4]
\openout2 = `rapport/resume.aux'.

 (./rapport/resume.tex
Underfull \hbox (badness 10000) in paragraph at lines 38--39

 []

) [5



]
\openout2 = `rapport/abstract.aux'.

 (./rapport/abstract.tex
Underfull \hbox (badness 10000) in paragraph at lines 5--6

 []

) [6



]
\openout2 = `rapport/glossaire.aux'.

 (./rapport/glossaire.tex) [7



]
\openout2 = `rapport/liste-tableau-figure.aux'.

 (./rapport/liste-tableau-figure.tex
(./Memoire.lot) [8



] (./Memoire.lof [9


]) [10])
\openout2 = `rapport/introduction.aux'.

 (./rapport/introduction.tex)
Underfull \hbox (badness 10000) in paragraph at lines 6--68

 []

[1





]
\openout2 = `chapitres/chapitre1.aux'.

 (./chapitres/chapitre1.tex

Class memoir Warning: The \sf font command is deprecated. 
(memoir)              Use \textsf{...} or {\sffamily... } instead on input line
 1.

LaTeX Font Info:    Trying to load font information for T1+phv on input line 1.

(/usr/local/texlive/2020/texmf-dist/tex/latex/psnfss/t1phv.fd
File: t1phv.fd 2001/06/04 scalable font definitions for T1/phv.


LaTeX Warning: Font shape declaration has incorrect series value `mc'.
               It should not contain an `m'! Please correct it.
               Found on input line 20.


LaTeX Warning: Font shape declaration has incorrect series value `mc'.
               It should not contain an `m'! Please correct it.
               Found on input line 23.


LaTeX Warning: Font shape declaration has incorrect series value `mc'.
               It should not contain an `m'! Please correct it.
               Found on input line 26.


LaTeX Warning: Font shape declaration has incorrect series value `mc'.
               It should not contain an `m'! Please correct it.
               Found on input line 46.

)

Package hyperref Warning: Token not allowed in a PDF string (PDFDocEncoding):
(hyperref)                removing `\@ifnextchar' on input line 17.

[2



] [3] [4]

Package hyperref Warning: Token not allowed in a PDF string (PDFDocEncoding):
(hyperref)                removing `\@ifnextchar' on input line 61.

<images/cartographie.png, id=575, 455.7025pt x 223.83624pt>
File: images/cartographie.png Graphic file (type png)
<use images/cartographie.png>
Package pdftex.def Info: images/cartographie.png  used on input line 68.
(pdftex.def)             Requested size: 369.88582pt x 181.68889pt.
[5] [6 <./images/cartographie.png>] [7]
<images/exmpleindicateur.png, id=590, 490.83376pt x 101.37875pt>
File: images/exmpleindicateur.png Graphic file (type png)
<use images/exmpleindicateur.png>
Package pdftex.def Info: images/exmpleindicateur.png  used on input line 139.
(pdftex.def)             Requested size: 369.88582pt x 76.40048pt.
 [8 <./images/exmpleindicateur.png>]
[9]) [10]
\openout2 = `chapitres/chapitre2.aux'.

 (./chapitres/chapitre2.tex [11



]
<images/acteurs.png, id=612, 455.7025pt x 240.9pt>
File: images/acteurs.png Graphic file (type png)
<use images/acteurs.png>
Package pdftex.def Info: images/acteurs.png  used on input line 26.
(pdftex.def)             Requested size: 369.88582pt x 195.53961pt.
 [12 <./images/acteurs.png>] [13]
[14]
<images/processuspassation.png, id=635, 331.2375pt x 172.645pt>
File: images/processuspassation.png Graphic file (type png)
<use images/processuspassation.png>
Package pdftex.def Info: images/processuspassation.png  used on input line 118.

(pdftex.def)             Requested size: 369.88582pt x 192.7973pt.
 [15] [16 <./images/processuspassation.png>] [17]
<images/amazon.png, id=658, 99.37125pt x 55.20625pt>
File: images/amazon.png Graphic file (type png)
<use images/amazon.png>
Package pdftex.def Info: images/amazon.png  used on input line 177.
(pdftex.def)             Requested size: 142.26378pt x 79.04456pt.
 [18]
<images/alibaba.png, id=663, 183.68625pt x 98.3675pt>
File: images/alibaba.png Graphic file (type png)
<use images/alibaba.png>
Package pdftex.def Info: images/alibaba.png  used on input line 198.
(pdftex.def)             Requested size: 142.26378pt x 76.19048pt.
 [19 <./images/amazon.png>]
<images/jumia.png, id=669, 241.90375pt x 58.2175pt>
File: images/jumia.png Graphic file (type png)
<use images/jumia.png>
Package pdftex.def Info: images/jumia.png  used on input line 221.
(pdftex.def)             Requested size: 142.26378pt x 34.23875pt.
 [20 <./images/alibaba.png> <./images/jumia.png>]
Underfull \hbox (badness 10000) in paragraph at lines 259--259
[]|\T1/ptm/m/n/12 Assurer l'au-then-ti-citÈ de
 []


Underfull \hbox (badness 2818) in paragraph at lines 259--259
[]|\T1/ptm/m/n/12 Le per-son-nel n'a pas ac-
 []


Underfull \hbox (badness 2103) in paragraph at lines 259--259
\T1/ptm/m/n/12 re-marques de la Di-rec-tion
 []

[21] [22]
Underfull \hbox (badness 1484) in paragraph at lines 355--355
[]|\T1/ptm/m/n/12 Crainte d'un back-sour-cing im-pos-sible ou
 []

[23] [24] [25] [26]
<images/ganttt.png, id=705, 497.86pt x 285.065pt>
File: images/ganttt.png Graphic file (type png)
<use images/ganttt.png>
Package pdftex.def Info: images/ganttt.png  used on input line 493.
(pdftex.def)             Requested size: 398.33858pt x 228.0871pt.
 [27]

Package hyperref Warning: Token not allowed in a PDF string (PDFDocEncoding):
(hyperref)                removing `\@ifnextchar' on input line 510.

[28 <./images/ganttt.png>]
<images/cascade.png, id=718, 346.29375pt x 224.84pt>
File: images/cascade.png Graphic file (type png)
<use images/cascade.png>
Package pdftex.def Info: images/cascade.png  used on input line 516.
(pdftex.def)             Requested size: 398.33858pt x 258.63947pt.


Package hyperref Warning: Token not allowed in a PDF string (PDFDocEncoding):
(hyperref)                removing `\@ifnextchar' on input line 521.

[29 <./images/cascade.png>]
<images/V.png, id=725, 364.36125pt x 244.915pt>
File: images/V.png Graphic file (type png)
<use images/V.png>
Package pdftex.def Info: images/V.png  used on input line 527.
(pdftex.def)             Requested size: 398.33858pt x 267.76299pt.


Package hyperref Warning: Token not allowed in a PDF string (PDFDocEncoding):
(hyperref)                removing `\@ifnextchar' on input line 532.

[30 <./images/V.png>]
<images/spirale.png, id=732, 455.7025pt x 262.9825pt>
File: images/spirale.png Graphic file (type png)
<use images/spirale.png>
Package pdftex.def Info: images/spirale.png  used on input line 550.
(pdftex.def)             Requested size: 398.33858pt x 229.88438pt.


Package hyperref Warning: Token not allowed in a PDF string (PDFDocEncoding):
(hyperref)                removing `\@ifnextchar' on input line 555.

<images/methode_agile.png, id=734, 355.3275pt x 276.03125pt>
File: images/methode_agile.png Graphic file (type png)
<use images/methode_agile.png>
Package pdftex.def Info: images/methode_agile.png  used on input line 563.
(pdftex.def)             Requested size: 398.33858pt x 309.45192pt.
[31 <./images/spirale.png>]
Underfull \hbox (badness 10000) in paragraph at lines 613--613
[]|\T1/ptm/b/n/12 M…THODES CLAS-
 []


Underfull \hbox (badness 10000) in paragraph at lines 613--613
[]|\T1/ptm/m/n/12 Communiquer de fa-Áon
 []


Underfull \hbox (badness 10000) in paragraph at lines 613--613
\T1/ptm/m/n/12 re-lais hiÈ-rar-chiques (par
 []


Underfull \hbox (badness 1584) in paragraph at lines 613--613
[]|\T1/ptm/m/n/12 Adapter la pro-duc-tion aux
 []


Underfull \hbox (badness 1057) in paragraph at lines 613--613
[]|\T1/ptm/m/n/12 Une do-cu-men-ta-tion prÈ-cise
 []


Underfull \hbox (badness 1048) in paragraph at lines 613--613
[]|\T1/ptm/m/n/12 Introspection pos-sible mais
 []

[32 <./images/methode_agile.png>])
Overfull \hbox (23.28548pt too wide) in paragraph at lines 614--72
[]\T1/ptm/m/n/12 source : \T1/ptm/m/it/12 https ://www.consultrade.info/gestion
-de-projet/la-gestion-de-projet-methode-classique-
 []

[33]
\openout2 = `chapitres/chapitre3.aux'.

 (./chapitres/chapitre3.tex [34



]
<images/comparatif.png, id=757, 455.7025pt x 327.2225pt>
File: images/comparatif.png Graphic file (type png)
<use images/comparatif.png>
Package pdftex.def Info: images/comparatif.png  used on input line 30.
(pdftex.def)             Requested size: 455.24408pt x 326.90213pt.
<images/processus_scrum.png, id=758, 455.7025pt x 255.95625pt>
File: images/processus_scrum.png Graphic file (type png)
<use images/processus_scrum.png>
Package pdftex.def Info: images/processus_scrum.png  used on input line 44.
(pdftex.def)             Requested size: 455.24408pt x 255.70564pt.
 [35 <./images/comparatif.png>] [36 <./images/processus_scrum.png>] [37]

Package hyperref Warning: Token not allowed in a PDF string (PDFDocEncoding):
(hyperref)                removing `\@ifnextchar' on input line 111.

[38] [39] [40] [41]
Underfull \hbox (badness 5260) in paragraph at lines 238--238
[]|\T1/ptm/m/n/12 Ajouter, Mo-di-fier, Sup-pri-
 []


Underfull \hbox (badness 3838) in paragraph at lines 238--238
[]|\T1/ptm/m/n/12 Gestion des doubles ban-
 []


Underfull \hbox (badness 5260) in paragraph at lines 238--238
[]|\T1/ptm/m/n/12 Ajouter, Mo-di-fier, Sup-pri-
 []


Underfull \hbox (badness 5260) in paragraph at lines 238--238
[]|\T1/ptm/m/n/12 Ajouter, Mo-di-fier, Sup-pri-
 []


Underfull \hbox (badness 5260) in paragraph at lines 238--238
[]|\T1/ptm/m/n/12 Ajouter, Mo-di-fier, Sup-pri-
 []


Underfull \hbox (badness 5260) in paragraph at lines 238--238
[]|\T1/ptm/m/n/12 Ajouter, Mo-di-fier, Sup-pri-
 []


Underfull \hbox (badness 5260) in paragraph at lines 238--238
[]|\T1/ptm/m/n/12 Ajouter, Mo-di-fier, Sup-pri-
 []

[42]
<images/use_case.png, id=800, 455.7025pt x 318.18875pt>
File: images/use_case.png Graphic file (type png)
<use images/use_case.png>
Package pdftex.def Info: images/use_case.png  used on input line 247.
(pdftex.def)             Requested size: 455.24408pt x 317.87721pt.
 [43]
Underfull \hbox (badness 1072) in paragraph at lines 279--279
[]|\T1/ptm/m/n/12 L'utilisateur s'au-then-ti-fie, L'uti-li-sa-teur de-
 []


Underfull \hbox (badness 3354) in paragraph at lines 279--279
[]|\T1/ptm/m/n/12 le sys-tËme af-fiche un mes-sage d'er-reur
 []

[44 <./images/use_case.png>]
Underfull \hbox (badness 1072) in paragraph at lines 304--304
[]|\T1/ptm/m/n/12 L'utilisateur s'au-then-ti-fie, L'uti-li-sa-teur de-
 []


Underfull \hbox (badness 3354) in paragraph at lines 304--304
[]|\T1/ptm/m/n/12 le sys-tËme af-fiche un mes-sage d'er-reur
 []


Underfull \hbox (badness 1048) in paragraph at lines 330--330
[]|\T1/ptm/m/n/12 Il per-met d'ef-fec-tuer les no-ti-fi-ca-tions sur
 []


Underfull \hbox (badness 1072) in paragraph at lines 330--330
[]|\T1/ptm/m/n/12 L'utilisateur s'au-then-ti-fie, L'uti-li-sa-teur de-
 []


Underfull \hbox (badness 3354) in paragraph at lines 330--330
[]|\T1/ptm/m/n/12 le sys-tËme af-fiche un mes-sage d'er-reur
 []

[45]
Underfull \hbox (badness 1072) in paragraph at lines 355--355
[]|\T1/ptm/m/n/12 L'utilisateur s'au-then-ti-fie, L'uti-li-sa-teur de-
 []


Underfull \hbox (badness 3354) in paragraph at lines 355--355
[]|\T1/ptm/m/n/12 le sys-tËme af-fiche un mes-sage d'er-reur
 []

[46]
<images/authentification.png, id=823, 705.63625pt x 532.99126pt>
File: images/authentification.png Graphic file (type png)
<use images/authentification.png>
Package pdftex.def Info: images/authentification.png  used on input line 371.
(pdftex.def)             Requested size: 512.1496pt x 386.84387pt.

Overfull \hbox (56.90549pt too wide) in paragraph at lines 371--372
 [][] 
 []

<images/seq.png, id=824, 455.7025pt x 393.47pt>
File: images/seq.png Graphic file (type png)
<use images/seq.png>
Package pdftex.def Info: images/seq.png  used on input line 379.
(pdftex.def)             Requested size: 512.1496pt x 442.22037pt.

Overfull \hbox (56.90549pt too wide) in paragraph at lines 379--380
 [][] 
 []

[47 <./images/authentification.png>]
<images/slider.png, id=832, 455.7025pt x 393.47pt>
File: images/slider.png Graphic file (type png)
<use images/slider.png>
Package pdftex.def Info: images/slider.png  used on input line 387.
(pdftex.def)             Requested size: 512.1496pt x 442.22037pt.

Overfull \hbox (56.90549pt too wide) in paragraph at lines 387--388
 [][] 
 []

[48 <./images/seq.png>]
<images/push.png, id=839, 455.7025pt x 393.47pt>
File: images/push.png Graphic file (type png)
<use images/push.png>
Package pdftex.def Info: images/push.png  used on input line 395.
(pdftex.def)             Requested size: 512.1496pt x 442.22037pt.

Overfull \hbox (56.90549pt too wide) in paragraph at lines 395--396
 [][] 
 []

[49 <./images/slider.png>]
<images/classe.png, id=846, 455.7025pt x 313.17pt>
File: images/classe.png Graphic file (type png)
<use images/classe.png>
Package pdftex.def Info: images/classe.png  used on input line 409.
(pdftex.def)             Requested size: 512.1496pt x 351.97131pt.

Overfull \hbox (56.90549pt too wide) in paragraph at lines 409--410
 [][] 
 []

[50 <./images/push.png>]
<images/deploiement.png, id=852, 395.4775pt x 227.85126pt>
File: images/deploiement.png Graphic file (type png)
<use images/deploiement.png>
Package pdftex.def Info: images/deploiement.png  used on input line 420.
(pdftex.def)             Requested size: 398.33858pt x 229.50214pt.
 [51 <./images/classe.png>]
<images/2-tiers.png, id=859, 455.7025pt x 242.9075pt>
File: images/2-tiers.png Graphic file (type png)
<use images/2-tiers.png>
Package pdftex.def Info: images/2-tiers.png  used on input line 434.
(pdftex.def)             Requested size: 398.33858pt x 212.33595pt.
 [52 <./images/deploiement.png>]
<images/3-tiers.png, id=866, 455.7025pt x 206.7725pt>
File: images/3-tiers.png Graphic file (type png)
<use images/3-tiers.png>
Package pdftex.def Info: images/3-tiers.png  used on input line 451.
(pdftex.def)             Requested size: 398.33858pt x 180.7488pt.
 [53 <./images/2-tiers.png> <./images/3-tiers.png>]
<images/n-tiers.png, id=874, 359.3425pt x 219.82124pt>
File: images/n-tiers.png Graphic file (type png)
<use images/n-tiers.png>
Package pdftex.def Info: images/n-tiers.png  used on input line 462.
(pdftex.def)             Requested size: 398.33858pt x 243.69586pt.
 [54 <./images/n-tiers.png>]) [55]
\openout2 = `chapitres/chapitre4.aux'.

 (./chapitres/chapitre4.tex [56



] [57]
Overfull \hbox (12.52512pt too wide) in paragraph at lines 37--38
\T1/ptm/m/n/12 controller), tout comme les pa-trons modËle-vue-prÈsentation ou 
prÈ-sen-ta-tion, abs-trac-tion, contrÙle,
 []

[58]
<images/MVC.png, id=901, 467.7475pt x 273.02pt>
File: images/MVC.png Graphic file (type png)
<use images/MVC.png>
Package pdftex.def Info: images/MVC.png  used on input line 57.
(pdftex.def)             Requested size: 398.33858pt x 232.51802pt.
 [59]
<images/tableau_bord.png, id=907, 505.89pt x 239.89626pt>
File: images/tableau_bord.png Graphic file (type png)
<use images/tableau_bord.png>
Package pdftex.def Info: images/tableau_bord.png  used on input line 72.
(pdftex.def)             Requested size: 455.24408pt x 215.88266pt.
 [60 <./images/MVC.png>]
<images/gestion_slider.png, id=913, 455.7025pt x 177.66376pt>
File: images/gestion_slider.png Graphic file (type png)
<use images/gestion_slider.png>
Package pdftex.def Info: images/gestion_slider.png  used on input line 83.
(pdftex.def)             Requested size: 455.24408pt x 177.4898pt.
<images/rendu_slider.png, id=914, 231.86626pt x 379.4175pt>
File: images/rendu_slider.png Graphic file (type png)
<use images/rendu_slider.png>
Package pdftex.def Info: images/rendu_slider.png  used on input line 92.
(pdftex.def)             Requested size: 227.62204pt x 372.4808pt.
 [61 <./images/tableau_bord.png> <./images/gestion_slider.png>]
<images/bord_onesignal.png, id=921, 455.7025pt x 183.68625pt>
File: images/bord_onesignal.png Graphic file (type png)
<use images/bord_onesignal.png>
Package pdftex.def Info: images/bord_onesignal.png  used on input line 103.
(pdftex.def)             Requested size: 455.24408pt x 183.5064pt.
 [62 <./images/rendu_slider.png>]
<images/liste_push.png, id=927, 455.7025pt x 224.84pt>
File: images/liste_push.png Graphic file (type png)
<use images/liste_push.png>
Package pdftex.def Info: images/liste_push.png  used on input line 112.
(pdftex.def)             Requested size: 455.24408pt x 224.61987pt.
<images/creation_push.png, id=928, 323.2075pt x 318.18875pt>
File: images/creation_push.png Graphic file (type png)
<use images/creation_push.png>
Package pdftex.def Info: images/creation_push.png  used on input line 123.
(pdftex.def)             Requested size: 455.24408pt x 448.19951pt.
 [63 <./images/bord_onesignal.png> <./images/liste_push.png>]
<images/stat_onesignal.png, id=936, 502.87875pt x 272.01625pt>
File: images/stat_onesignal.png Graphic file (type png)
<use images/stat_onesignal.png>
Package pdftex.def Info: images/stat_onesignal.png  used on input line 131.
(pdftex.def)             Requested size: 455.24408pt x 246.24847pt.
 [64 <./images/creation_push.png>]
<images/exple_push.png, id=942, 226.8475pt x 376.40625pt>
File: images/exple_push.png Graphic file (type png)
<use images/exple_push.png>
Package pdftex.def Info: images/exple_push.png  used on input line 139.
(pdftex.def)             Requested size: 227.62204pt x 377.69185pt.
 [65 <./images/stat_onesignal.png>]
<images/bord_categori.png, id=948, 455.7025pt x 198.7425pt>
File: images/bord_categori.png Graphic file (type png)
<use images/bord_categori.png>
Package pdftex.def Info: images/bord_categori.png  used on input line 150.
(pdftex.def)             Requested size: 455.24408pt x 198.54791pt.
 [66 <./images/exple_push.png>]
<images/liste_produit.png, id=954, 455.7025pt x 195.73125pt>
File: images/liste_produit.png Graphic file (type png)
<use images/liste_produit.png>
Package pdftex.def Info: images/liste_produit.png  used on input line 157.
(pdftex.def)             Requested size: 455.24408pt x 195.53961pt.
<images/ajout_produit.png, id=955, 446.66875pt x 186.6975pt>
File: images/ajout_produit.png Graphic file (type png)
<use images/ajout_produit.png>
Package pdftex.def Info: images/ajout_produit.png  used on input line 164.
(pdftex.def)             Requested size: 455.24408pt x 190.28648pt.
 [67 <./images/bord_categori.png> <./images/liste_produit.png>]
Underfull \hbox (badness 10000) in paragraph at lines 190--190
[]|\T1/ptm/m/n/12 Microsoft Azure offre
 []


Underfull \hbox (badness 1215) in paragraph at lines 190--190
\T1/ptm/m/n/12 Paas (Plat-form as Ser-vice)
 []


Underfull \hbox (badness 6995) in paragraph at lines 205--205
[]|\T1/ptm/b/n/12 Nombres d'heures
 []


Underfull \hbox (badness 10000) in paragraph at lines 205--205
[]|\T1/ptm/b/n/12 Nombre d'uti-li-sa-
 []

[68 <./images/ajout_produit.png>] [69]
Underfull \hbox (badness 5832) in paragraph at lines 272--272
[]|\T1/ptm/m/n/12 Temps de tÈ-lÈ-char-ge-ment,
 []


Underfull \hbox (badness 10000) in paragraph at lines 295--295
[]|\T1/ptm/b/n/12 PrÈvisions / ca-hier des
 []


Underfull \hbox (badness 1824) in paragraph at lines 295--295
[]|\T1/ptm/m/n/12 Gestion des push no-ti-fi-ca-
 []


Underfull \hbox (badness 3838) in paragraph at lines 295--295
[]|\T1/ptm/m/n/12 Gestion des doubles ban-
 []

[70]
<images/avant.png, id=976, 455.7025pt x 171.64125pt>
File: images/avant.png Graphic file (type png)
<use images/avant.png>
Package pdftex.def Info: images/avant.png  used on input line 314.
(pdftex.def)             Requested size: 455.24408pt x 171.47318pt.
<images/apres.png, id=977, 455.7025pt x 260.975pt>
File: images/apres.png Graphic file (type png)
<use images/apres.png>
Package pdftex.def Info: images/apres.png  used on input line 321.
(pdftex.def)             Requested size: 455.24408pt x 260.7195pt.
 [71 <./images/avant.png>]
<images/kpi_avant.png, id=983, 455.7025pt x 203.76125pt>
File: images/kpi_avant.png Graphic file (type png)
<use images/kpi_avant.png>
Package pdftex.def Info: images/kpi_avant.png  used on input line 330.
(pdftex.def)             Requested size: 455.24408pt x 203.56175pt.
<images/kpi_apres.png, id=984, 455.7025pt x 240.9pt>
File: images/kpi_apres.png Graphic file (type png)
<use images/kpi_apres.png>
Package pdftex.def Info: images/kpi_apres.png  used on input line 337.
(pdftex.def)             Requested size: 455.24408pt x 240.66414pt.
 [72 <./images/apres.png> <./images/kpi_avant.png>] [73 <./images/kpi_apres.png
>]) [74]
\openout2 = `rapport/conclusion.aux'.

 (./rapport/conclusion.tex) [75



]
\openout2 = `rapport/bibliographie.aux'.


(./rapport/bibliographie.tex
bibitemlist
)pdfTeX warning (ext4): destination with the same identifier (name{page.1}) has
 been already used, duplicate ignored
<to be read again> 
                   \relax 
l.89 \include{rapport/bibliographie}
                                     %fichier de bibliographie [1




]pdfTeX warning (ext4): destination with the same identifier (name{page.2}) has
 been already used, duplicate ignored
<to be read again> 
                   \relax 
l.89 \include{rapport/bibliographie}
                                     %fichier de bibliographie [2]
\openout2 = `rapport/table-matiere.aux'.


(./rapport/table-matiere.texpdfTeX warning (ext4): destination with the same id
entifier (name{chapter.1}) has been already used, duplicate ignored
<to be read again> 
                   \relax 
l.1 \chapter{Table des mati√®res.}
                                   (./Memoire.toc [1




] [2] [3])) [4]
\tf@lot=\write7
\openout7 = `Memoire.lot'.

\tf@lof=\write8
\openout8 = `Memoire.lof'.

\tf@toc=\write9
\openout9 = `Memoire.toc'.

Package atveryend Info: Empty hook `BeforeClearDocument' on input line 97.
Package atveryend Info: Empty hook `AfterLastShipout' on input line 97.

(./Memoire.aux (./rapport/dedicace.aux) (./rapport/remerciements.aux)
(./rapport/sommaire.aux) (./rapport/resume.aux) (./rapport/abstract.aux)
(./rapport/glossaire.aux) (./rapport/liste-tableau-figure.aux)
(./rapport/introduction.aux) (./chapitres/chapitre1.aux)
(./chapitres/chapitre2.aux) (./chapitres/chapitre3.aux)
(./chapitres/chapitre4.aux) (./rapport/conclusion.aux)
(./rapport/bibliographie.aux) (./rapport/table-matiere.aux))
Package atveryend Info: Executing hook `AtVeryEndDocument' on input line 97.
Package atveryend Info: Executing hook `AtEndAfterFileList' on input line 97.
Package rerunfilecheck Info: File `Memoire.out' has not changed.
(rerunfilecheck)             Checksum: 9BF9BBEDC0E7BF2CD23AD581F7AA61E7;7159.


LaTeX Warning: There were multiply-defined labels.

 )
(\end occurred inside a group at level 3)

### simple group (level 3) entered at line 614 ({)
### simple group (level 2) entered at line 377 ({)
### simple group (level 1) entered at line 356 ({)
### bottom level 
Here is how much of TeX's memory you used:
 27912 strings out of 480608
 483001 string characters out of 5903631
 815028 words of memory out of 5000000
 42842 multiletter control sequences out of 15000+600000
 581388 words of font info for 77 fonts, out of 8000000 for 9000
 1141 hyphenation exceptions out of 8191
 63i,12n,67p,2319b,986s stack positions out of 5000i,500n,10000p,200000b,80000s
{/usr/local/texlive/2020/texmf-dist/fonts/enc/dvips/base/8r.enc
}</usr/local/texlive/2020/texmf-dist/fonts/type1/public/amsfonts/cm/cmmi12.pfb>
</usr/local/texlive/2020/texmf-dist/fonts/type1/public/amsfonts/cm/cmmi8.pfb></
usr/local/texlive/2020/texmf-dist/fonts/type1/public/amsfonts/cm/cmr12.pfb></us
r/local/texlive/2020/texmf-dist/fonts/type1/public/amsfonts/cm/cmr8.pfb></usr/l
ocal/texlive/2020/texmf-dist/fonts/type1/public/amsfonts/cm/cmsy10.pfb></usr/lo
cal/texlive/2020/texmf-dist/fonts/type1/urw/helvetic/uhvr8a.pfb></usr/local/tex
live/2020/texmf-dist/fonts/type1/urw/times/utmb8a.pfb></usr/local/texlive/2020/
texmf-dist/fonts/type1/urw/times/utmr8a.pfb></usr/local/texlive/2020/texmf-dist
/fonts/type1/urw/times/utmri8a.pfb>
Output written on Memoire.pdf (91 pages, 1900360 bytes).
PDF statistics:
 1224 PDF objects out of 1440 (max. 8388607)
 1029 compressed objects within 11 object streams
 265 named destinations out of 1000 (max. 500000)
 917 words of extra memory for PDF output out of 10000 (max. 10000000)

