This is pdfTeX, Version 3.14159265-2.6-1.40.21 (TeX Live 2020) (preloaded format=pdflatex 2020.9.9)  12 SEP 2020 13:01
entering extended mode
 restricted \write18 enabled.
 file:line:error style messages enabled.
 %&-line parsing enabled.
**chapitre1.tex
(./chapitre1.tex
LaTeX2e <2020-02-02> patch level 5
L3 programming layer <2020-03-06>
./chapitre1.tex:1: Undefined control sequence.
l.1 \chapter
             {NOTION DE BASE SUR L’OPTIMISATION.}     % numéroté chap 1
? 
./chapitre1.tex:1: Emergency stop.
l.1 \chapter
             {NOTION DE BASE SUR L’OPTIMISATION.}     % numéroté chap 1
End of file on the terminal!

 
Here is how much of TeX's memory you used:
 16 strings out of 480608
 390 string characters out of 5903631
 239610 words of memory out of 5000000
 16009 multiletter control sequences out of 15000+600000
 532338 words of font info for 24 fonts, out of 8000000 for 9000
 1141 hyphenation exceptions out of 8191
 12i,0n,15p,116b,8s stack positions out of 5000i,500n,10000p,200000b,80000s
./chapitre1.tex:1:  ==> Fatal error occurred, no output PDF file produced!
